# JRE version: OpenJDK Runtime Environment Temurin-11.0.19+7 (11.0.19+7) (build 11.0.19+7)
# Java VM: OpenJDK 64-Bit Server VM Temurin-11.0.19+7 (11.0.19+7, mixed mode, tiered, compressed oops, g1 gc, windows-amd64)
Heap:
 garbage-first heap   total 394240K, used 241241K [0x0000000704400000, 0x0000000800000000)
  region size 1024K, 34 young (34816K), 5 survivors (5120K)
 Metaspace       used 97848K, capacity 106285K, committed 106392K, reserved 1142784K
  class space    used 10865K, capacity 13489K, committed 13568K, reserved 1048576K
GC Heap History (20 events):
Event: 5.589 GC heap before
{Heap before GC invocations=7 (full 0):
 garbage-first heap   total 258048K, used 162257K [0x0000000704400000, 0x0000000800000000)
  region size 1024K, 114 young (116736K), 6 survivors (6144K)
 Metaspace       used 48577K, capacity 49414K, committed 49688K, reserved 1093632K
  class space    used 4871K, capacity 5220K, committed 5248K, reserved 1048576K
}
Event: 5.595 GC heap after
{Heap after GC invocations=8 (full 0):
 garbage-first heap   total 258048K, used 54944K [0x0000000704400000, 0x0000000800000000)
  region size 1024K, 12 young (12288K), 12 survivors (12288K)
 Metaspace       used 48577K, capacity 49414K, committed 49688K, reserved 1093632K
  class space    used 4871K, capacity 5220K, committed 5248K, reserved 1048576K
}
Event: 6.599 GC heap before
{Heap before GC invocations=9 (full 0):
 garbage-first heap   total 258048K, used 175776K [0x0000000704400000, 0x0000000800000000)
  region size 1024K, 125 young (128000K), 12 survivors (12288K)
 Metaspace       used 51315K, capacity 52281K, committed 52504K, reserved 1095680K
  class space    used 5262K, capacity 5669K, committed 5760K, reserved 1048576K
}
Event: 6.669 GC heap after
{Heap after GC invocations=10 (full 0):
 garbage-first heap   total 258048K, used 74218K [0x0000000704400000, 0x0000000800000000)
  region size 1024K, 16 young (16384K), 16 survivors (16384K)
 Metaspace       used 51315K, capacity 52281K, committed 52504K, reserved 1095680K
  class space    used 5262K, capacity 5669K, committed 5760K, reserved 1048576K
}
Event: 7.089 GC heap before
{Heap before GC invocations=10 (full 0):
 garbage-first heap   total 258048K, used 179690K [0x0000000704400000, 0x0000000800000000)
  region size 1024K, 117 young (119808K), 16 survivors (16384K)
 Metaspace       used 56807K, capacity 57818K, committed 58008K, reserved 1101824K
  class space    used 5950K, capacity 6358K, committed 6400K, reserved 1048576K
}
Event: 7.177 GC heap after
{Heap after GC invocations=11 (full 0):
 garbage-first heap   total 394240K, used 123398K [0x0000000704400000, 0x0000000800000000)
  region size 1024K, 15 young (15360K), 15 survivors (15360K)
 Metaspace       used 56807K, capacity 57818K, committed 58008K, reserved 1101824K
  class space    used 5950K, capacity 6358K, committed 6400K, reserved 1048576K
}
Event: 9.058 GC heap before
{Heap before GC invocations=11 (full 0):
 garbage-first heap   total 394240K, used 246278K [0x0000000704400000, 0x0000000800000000)
  region size 1024K, 132 young (135168K), 15 survivors (15360K)
 Metaspace       used 70262K, capacity 72996K, committed 73112K, reserved 1114112K
  class space    used 7156K, capacity 8081K, committed 8192K, reserved 1048576K
}
Event: 9.070 GC heap after
{Heap after GC invocations=12 (full 0):
 garbage-first heap   total 394240K, used 145290K [0x0000000704400000, 0x0000000800000000)
  region size 1024K, 17 young (17408K), 17 survivors (17408K)
 Metaspace       used 70262K, capacity 72996K, committed 73112K, reserved 1114112K
  class space    used 7156K, capacity 8081K, committed 8192K, reserved 1048576K
}
Event: 10.152 GC heap before
{Heap before GC invocations=12 (full 0):
 garbage-first heap   total 394240K, used 213898K [0x0000000704400000, 0x0000000800000000)
  region size 1024K, 81 young (82944K), 17 survivors (17408K)
 Metaspace       used 76693K, capacity 82651K, committed 82712K, reserved 1122304K
  class space    used 7802K, capacity 9334K, committed 9344K, reserved 1048576K
}
Event: 10.158 GC heap after
{Heap after GC invocations=13 (full 0):
 garbage-first heap   total 394240K, used 157092K [0x0000000704400000, 0x0000000800000000)
  region size 1024K, 6 young (6144K), 6 survivors (6144K)
 Metaspace       used 76693K, capacity 82651K, committed 82712K, reserved 1122304K
  class space    used 7802K, capacity 9334K, committed 9344K, reserved 1048576K
}
Event: 12.650 GC heap before
{Heap before GC invocations=14 (full 0):
 garbage-first heap   total 394240K, used 262564K [0x0000000704400000, 0x0000000800000000)
  region size 1024K, 107 young (109568K), 6 survivors (6144K)
 Metaspace       used 86255K, capacity 93143K, committed 93208K, reserved 1132544K
  class space    used 9201K, capacity 11127K, committed 11136K, reserved 1048576K
}
Event: 12.661 GC heap after
{Heap after GC invocations=15 (full 0):
 garbage-first heap   total 394240K, used 179139K [0x0000000704400000, 0x0000000800000000)
  region size 1024K, 14 young (14336K), 14 survivors (14336K)
 Metaspace       used 86255K, capacity 93143K, committed 93208K, reserved 1132544K
  class space    used 9201K, capacity 11127K, committed 11136K, reserved 1048576K
}
Event: 12.803 GC heap before
{Heap before GC invocations=15 (full 0):
 garbage-first heap   total 394240K, used 183235K [0x0000000704400000, 0x0000000800000000)
  region size 1024K, 19 young (19456K), 14 survivors (14336K)
 Metaspace       used 86418K, capacity 93344K, committed 93464K, reserved 1132544K
  class space    used 9206K, capacity 11130K, committed 11136K, reserved 1048576K
}
Event: 12.814 GC heap after
{Heap after GC invocations=16 (full 0):
 garbage-first heap   total 394240K, used 154064K [0x0000000704400000, 0x0000000800000000)
  region size 1024K, 3 young (3072K), 3 survivors (3072K)
 Metaspace       used 86418K, capacity 93344K, committed 93464K, reserved 1132544K
  class space    used 9206K, capacity 11130K, committed 11136K, reserved 1048576K
}
Event: 14.596 GC heap before
{Heap before GC invocations=16 (full 0):
 garbage-first heap   total 394240K, used 263632K [0x0000000704400000, 0x0000000800000000)
  region size 1024K, 108 young (110592K), 3 survivors (3072K)
 Metaspace       used 90144K, capacity 97944K, committed 98072K, reserved 1134592K
  class space    used 9840K, capacity 12118K, committed 12160K, reserved 1048576K
}
Event: 14.604 GC heap after
{Heap after GC invocations=17 (full 0):
 garbage-first heap   total 394240K, used 171264K [0x0000000704400000, 0x0000000800000000)
  region size 1024K, 14 young (14336K), 14 survivors (14336K)
 Metaspace       used 90144K, capacity 97944K, committed 98072K, reserved 1134592K
  class space    used 9840K, capacity 12118K, committed 12160K, reserved 1048576K
}
Event: 16.022 GC heap before
{Heap before GC invocations=17 (full 0):
 garbage-first heap   total 394240K, used 277760K [0x0000000704400000, 0x0000000800000000)
  region size 1024K, 116 young (118784K), 14 survivors (14336K)
 Metaspace       used 93579K, capacity 101817K, committed 102040K, reserved 1138688K
  class space    used 10445K, capacity 12939K, committed 13056K, reserved 1048576K
}
Event: 16.031 GC heap after
{Heap after GC invocations=18 (full 0):
 garbage-first heap   total 394240K, used 186694K [0x0000000704400000, 0x0000000800000000)
  region size 1024K, 15 young (15360K), 15 survivors (15360K)
 Metaspace       used 93579K, capacity 101817K, committed 102040K, reserved 1138688K
  class space    used 10445K, capacity 12939K, committed 13056K, reserved 1048576K
}
Event: 16.705 GC heap before
{Heap before GC invocations=18 (full 0):
 garbage-first heap   total 394240K, used 215366K [0x0000000704400000, 0x0000000800000000)
  region size 1024K, 44 young (45056K), 15 survivors (15360K)
 Metaspace       used 94978K, capacity 103410K, committed 103704K, reserved 1140736K
  class space    used 10728K, capacity 13330K, committed 13440K, reserved 1048576K
}
Event: 16.715 GC heap after
{Heap after GC invocations=19 (full 0):
 garbage-first heap   total 394240K, used 191065K [0x0000000704400000, 0x0000000800000000)
  region size 1024K, 5 young (5120K), 5 survivors (5120K)
 Metaspace       used 94978K, capacity 103410K, committed 103704K, reserved 1140736K
  class space    used 10728K, capacity 13330K, committed 13440K, reserved 1048576K
}

